\BOOKMARK [2][-]{section*.2}{\376\377\000I\000n\000t\000r\000o\000d\000u\000c\000t\000i\000o\000n}{}% 1
\BOOKMARK [2][-]{section*.3}{\376\377\000O\000b\000j\000e\000c\000t\000i\000v\000e\000s}{}% 2
\BOOKMARK [2][-]{section*.4}{\376\377\000R\000e\000l\000a\000t\000e\000d\000\040\000w\000o\000r\000k}{}% 3
\BOOKMARK [2][-]{section*.5}{\376\377\000G\000r\000o\000u\000n\000d\000\040\000t\000r\000u\000t\000h\000\040\000d\000e\000s\000c\000r\000i\000p\000t\000i\000o\000n}{}% 4
\BOOKMARK [2][-]{section*.7}{\376\377\000I\000n\000c\000l\000u\000d\000e\000d\000\040\000s\000c\000r\000i\000p\000t\000s\000\040\000g\000u\000i\000d\000e}{}% 5
\BOOKMARK [2][-]{section*.9}{\376\377\000F\000o\000r\000m\000a\000t\000\040\000c\000o\000n\000v\000e\000r\000s\000i\000o\000n}{}% 6
\BOOKMARK [3][-]{section*.10}{\376\377\000S\000u\000b\000s\000e\000t\000\040\000s\000e\000l\000e\000c\000t\000i\000o\000n\000\040\000-\000\040\0001\000.\000\040\000b\000u\000i\000l\000d\000\137\000t\000r\000a\000i\000n\000i\000n\000g\000\137\000t\000e\000s\000t\000\137\000f\000o\000l\000d\000e\000r\000s}{section*.9}% 7
\BOOKMARK [3][-]{section*.11}{\376\377\000P\000a\000s\000c\000a\000l\000\040\000f\000o\000r\000m\000a\000t\000\040\000c\000o\000n\000v\000e\000r\000s\000i\000o\000n\000\040\000-\000\040\0002\000.\000\040\000p\000a\000s\000c\000a\000l}{section*.9}% 8
\BOOKMARK [2][-]{section*.12}{\376\377\000S\000t\000a\000t\000i\000s\000t\000i\000c\000a\000l\000\040\000f\000e\000a\000t\000u\000r\000e\000s\000\040\000-\000\040\0004\000.\000\040\000f\000e\000a\000t\000u\000r\000e\000s}{}% 9
\BOOKMARK [2][-]{section*.14}{\376\377\000M\000a\000s\000k\000\040\000e\000v\000a\000l\000u\000a\000t\000i\000o\000n}{}% 10
\BOOKMARK [2][-]{section*.16}{\376\377\000D\000a\000t\000a\000s\000e\000t\000\040\000e\000x\000p\000a\000n\000s\000i\000o\000n}{}% 11
\BOOKMARK [3][-]{section*.17}{\376\377\000D\000o\000w\000n\000l\000o\000a\000d\000\040\000m\000o\000r\000e\000\040\000i\000m\000a\000g\000e\000s}{section*.16}% 12
\BOOKMARK [3][-]{section*.18}{\376\377\000J\000i\000t\000t\000e\000r\000i\000n\000g\000\040\000-\000\040\0003\000.\000\040\000j\000i\000t\000t\000e\000r\000i\000n\000g}{section*.16}% 13
\BOOKMARK [2][-]{section*.20}{\376\377\000U\000s\000e\000f\000u\000l\000\040\000S\000o\000f\000t\000w\000a\000r\000e}{}% 14
\BOOKMARK [3][-]{section*.21}{\376\377\000G\000o\000o\000g\000l\000e\000\040\000M\000a\000p\000s\000\040\000A\000p\000i}{section*.20}% 15
\BOOKMARK [3][-]{section*.22}{\376\377\000l\000a\000b\000e\000l\000m\000e}{section*.20}% 16
\BOOKMARK [3][-]{section*.23}{\376\377\000d\000l\000i\000b}{section*.20}% 17
\BOOKMARK [2][-]{section*.24}{\376\377\000H\000i\000s\000t\000o\000r\000y\000\040\000a\000n\000d\000\040\000B\000a\000c\000k\000g\000r\000o\000u\000n\000d}{}% 18
\BOOKMARK [2][-]{section*.25}{\376\377\000O\000r\000g\000a\000n\000i\000z\000e\000r\000s}{}% 19
\BOOKMARK [2][-]{section*.26}{\376\377\000S\000u\000p\000p\000o\000r\000t}{}% 20
\BOOKMARK [2][-]{section*.27}{\376\377\000L\000e\000g\000a\000l\000\040\000N\000o\000t\000i\000c\000e}{}% 21
\BOOKMARK [2][-]{section*.28}{\376\377\000R\000e\000f\000e\000r\000e\000n\000c\000e\000s}{}% 22
